<?xml version="1.0" encoding="UTF-8"?>
<!-- Generated by org.testng.reporters.JUnitReportReporter -->
<testsuite skipped="0" hostname="LAPTOP-PHDB1SI7" name="com.enhanzed.qa.testcases.Homepagetest" tests="1" failures="0" timestamp="05 May 2019 11:02:20 GMT" time="26.630" errors="0">
  <testcase name="checkhomepage" time="26.630" classname="com.enhanzed.qa.testcases.Homepagetest"/>
</testsuite> <!-- com.enhanzed.qa.testcases.Homepagetest -->
