<?xml version="1.0" encoding="UTF-8"?>
<!-- Generated by org.testng.reporters.JUnitReportReporter -->
<testsuite skipped="0" hostname="LAPTOP-PHDB1SI7" name="com.enhanzed.qa.testcases.Topicdetailtest" tests="1" failures="0" timestamp="05 May 2019 15:37:18 GMT" time="29.297" errors="0">
  <testcase name="checktopicpageattributes" time="29.297" classname="com.enhanzed.qa.testcases.Topicdetailtest"/>
</testsuite> <!-- com.enhanzed.qa.testcases.Topicdetailtest -->
